#
# There is insufficient memory for the Java Runtime Environment to continue.
# Native memory allocation (malloc) failed to allocate 1048576 bytes for AllocateHeap
# Possible reasons:
#   The system is out of physical RAM or swap space
#   In 32 bit mode, the process size limit was hit
# Possible solutions:
#   Reduce memory load on the system
#   Increase physical memory or swap space
#   Check if swap backing store is full
#   Use 64 bit Java on a 64 bit OS
#   Decrease Java heap size (-Xmx/-Xms)
#   Decrease number of Java threads
#   Decrease Java thread stack sizes (-Xss)
#   Set larger code cache with -XX:ReservedCodeCacheSize=
# This output file may be truncated or incomplete.
#
#  Out of Memory Error (memory/allocation.inline.hpp:61), pid=27916, tid=0x0000000000005e60
#
# JRE version:  (8.0) (build )
# Java VM: OpenJDK 64-Bit Server VM (25.71-b00 mixed mode windows-amd64 compressed oops)
# Failed to write core dump. Minidumps are not enabled by default on client versions of Windows
#

---------------  T H R E A D  ---------------

Current thread (0x000000000245e000):  JavaThread "Unknown thread" [_thread_in_vm, id=24160, stack(0x0000000002350000,0x0000000002450000)]

Stack: [0x0000000002350000,0x0000000002450000]
[error occurred during error reporting (printing stack bounds), id 0xc0000005]

Native frames: (J=compiled Java code, j=interpreted, Vv=VM code, C=native code)


---------------  P R O C E S S  ---------------

Java Threads: ( => current thread )

Other Threads:

=>0x000000000245e000 (exited) JavaThread "Unknown thread" [_thread_in_vm, id=24160, stack(0x0000000002350000,0x0000000002450000)]

VM state:not at safepoint (normal execution)

VM Mutex/Monitor currently owned by a thread: None

Heap:
 PSYoungGen      total 57344K, used 983K [0x0000000780a00000, 0x0000000784a00000, 0x00000007c0000000)
  eden space 49152K, 2% used [0x0000000780a00000,0x0000000780af5c38,0x0000000783a00000)
  from space 8192K, 0% used [0x0000000784200000,0x0000000784200000,0x0000000784a00000)
  to   space 8192K, 0% used [0x0000000783a00000,0x0000000783a00000,0x0000000784200000)
 ParOldGen       total 131072K, used 0K [0x0000000701e00000, 0x0000000709e00000, 0x0000000780a00000)
  object space 131072K, 0% used [0x0000000701e00000,0x0000000701e00000,0x0000000709e00000)
 Metaspace       used 777K, capacity 4480K, committed 4480K, reserved 1056768K
  class space    used 74K, capacity 384K, committed 384K, reserved 1048576K

Card table byte_map: [0x0000000011920000,0x0000000011f20000] byte_map_base: 0x000000000e111000

Marking Bits: (ParMarkBitMap*) 0x000000006b3bbe50
 Begin Bits: [0x0000000012b20000, 0x0000000015aa8000)
 End Bits:   [0x0000000015aa8000, 0x0000000018a30000)

Polling page: 0x00000000001e0000

CodeCache: size=245760Kb used=328Kb max_used=328Kb free=245431Kb
 bounds [0x0000000002560000, 0x00000000027d0000, 0x0000000011560000]
 total_blobs=57 nmethods=0 adapters=38
 compilation: enabled

Compilation events (0 events):
No events

GC Heap History (0 events):
No events

Deoptimization events (0 events):
No events

Classes redefined (0 events):
No events

Internal exceptions (0 events):
No events

Events (10 events):
Event: 0.022 loading class java/lang/Short
Event: 0.022 loading class java/lang/Short done
Event: 0.022 loading class java/lang/Integer
Event: 0.022 loading class java/lang/Integer done
Event: 0.022 loading class java/lang/Long
Event: 0.022 loading class java/lang/Long done
Event: 0.022 loading class java/lang/NullPointerException
Event: 0.022 loading class java/lang/NullPointerException done
Event: 0.022 loading class java/lang/ArithmeticException
Event: 0.022 loading class java/lang/ArithmeticException done


Dynamic libraries:
0x00007ff778a70000 - 0x00007ff778aa5000 	C:\Program Files\unity\2019.2.19f1\Editor\Data\PlaybackEngines\AndroidPlayer\Tools\OpenJDK\Windows\bin\java.exe
0x00007ffd93500000 - 0x00007ffd936f0000 	C:\WINDOWS\SYSTEM32\ntdll.dll
0x00007ffd91740000 - 0x00007ffd917f2000 	C:\WINDOWS\System32\KERNEL32.DLL
0x00007ffd90800000 - 0x00007ffd90aa3000 	C:\WINDOWS\System32\KERNELBASE.dll
0x00007ffd91c20000 - 0x00007ffd91cc3000 	C:\WINDOWS\System32\ADVAPI32.dll
0x00007ffd91630000 - 0x00007ffd916ce000 	C:\WINDOWS\System32\msvcrt.dll
0x00007ffd91800000 - 0x00007ffd91897000 	C:\WINDOWS\System32\sechost.dll
0x00007ffd91f70000 - 0x00007ffd92090000 	C:\WINDOWS\System32\RPCRT4.dll
0x00007ffd93200000 - 0x00007ffd93394000 	C:\WINDOWS\System32\USER32.dll
0x00007ffd90ab0000 - 0x00007ffd90ad1000 	C:\WINDOWS\System32\win32u.dll
0x00007ffd91e40000 - 0x00007ffd91e66000 	C:\WINDOWS\System32\GDI32.dll
0x00007ffd90570000 - 0x00007ffd90704000 	C:\WINDOWS\System32\gdi32full.dll
0x00007ffd90710000 - 0x00007ffd907ae000 	C:\WINDOWS\System32\msvcp_win.dll
0x00007ffd90c80000 - 0x00007ffd90d7a000 	C:\WINDOWS\System32\ucrtbase.dll
0x00007ffd6a080000 - 0x00007ffd6a305000 	C:\WINDOWS\WinSxS\amd64_microsoft.windows.common-controls_6595b64144ccf1df_6.0.18362.778_none_e6c6b761130d4fb8\COMCTL32.dll
0x00007ffd92360000 - 0x00007ffd92696000 	C:\WINDOWS\System32\combase.dll
0x00007ffd90490000 - 0x00007ffd90510000 	C:\WINDOWS\System32\bcryptPrimitives.dll
0x00007ffd91f40000 - 0x00007ffd91f6e000 	C:\WINDOWS\System32\IMM32.DLL
0x000000006b440000 - 0x000000006b512000 	C:\Program Files\unity\2019.2.19f1\Editor\Data\PlaybackEngines\AndroidPlayer\Tools\OpenJDK\Windows\jre\bin\msvcr100.dll
0x000000006abf0000 - 0x000000006b439000 	C:\Program Files\unity\2019.2.19f1\Editor\Data\PlaybackEngines\AndroidPlayer\Tools\OpenJDK\Windows\jre\bin\server\jvm.dll
0x00007ffd91cd0000 - 0x00007ffd91cd8000 	C:\WINDOWS\System32\PSAPI.DLL
0x00007ffd8a170000 - 0x00007ffd8a179000 	C:\WINDOWS\SYSTEM32\WSOCK32.dll
0x00007ffd85c30000 - 0x00007ffd85c54000 	C:\WINDOWS\SYSTEM32\WINMM.dll
0x00007ffd933a0000 - 0x00007ffd9340f000 	C:\WINDOWS\System32\WS2_32.dll
0x00007ffd8b920000 - 0x00007ffd8b92a000 	C:\WINDOWS\SYSTEM32\VERSION.dll
0x00007ffd859d0000 - 0x00007ffd859fd000 	C:\WINDOWS\SYSTEM32\WINMMBASE.dll
0x00007ffd907b0000 - 0x00007ffd907fa000 	C:\WINDOWS\System32\cfgmgr32.dll
0x00007ffd84ad0000 - 0x00007ffd84adf000 	C:\Program Files\unity\2019.2.19f1\Editor\Data\PlaybackEngines\AndroidPlayer\Tools\OpenJDK\Windows\jre\bin\verify.dll
0x00007ffd819d0000 - 0x00007ffd819f9000 	C:\Program Files\unity\2019.2.19f1\Editor\Data\PlaybackEngines\AndroidPlayer\Tools\OpenJDK\Windows\jre\bin\java.dll
0x00007ffd819b0000 - 0x00007ffd819c6000 	C:\Program Files\unity\2019.2.19f1\Editor\Data\PlaybackEngines\AndroidPlayer\Tools\OpenJDK\Windows\jre\bin\zip.dll

VM Arguments:
java_command: <unknown>
java_class_path (initial): .
Launcher Type: SUN_STANDARD

Environment Variables:
JAVA_HOME=C:/Program Files/unity/2019.2.19f1/Editor/Data/PlaybackEngines/AndroidPlayer/Tools\OpenJDK\Windows
USERNAME=Hanini Mohamed
OS=Windows_NT
PROCESSOR_IDENTIFIER=Intel64 Family 6 Model 158 Stepping 9, GenuineIntel



---------------  S Y S T E M  ---------------

OS: Windows 10.0 , 64 bit Build 18362 (10.0.18362.778)

CPU:total 8 (initial active 8) (4 cores per cpu, 2 threads per core) family 6 model 158 stepping 9, cmov, cx8, fxsr, mmx, sse, sse2, sse3, ssse3, sse4.1, sse4.2, popcnt, avx, avx2, aes, clmul, erms, 3dnowpref, lzcnt, ht, tsc, tscinvbit, bmi1, bmi2, adx

Memory: 4k page, physical 12455076k(1315060k free), swap 28008648k(5956k free)

vm_info: OpenJDK 64-Bit Server VM (25.71-b00) for windows-amd64 JRE (1.8.0-adoptopenjdk-_2018_05_19_00_59-b00), built on May 19 2018 01:02:12 by "jenkins" with MS VC++ 10.0 (VS2010)

time: Mon May 04 01:49:39 2020
elapsed time: 0 seconds (0d 0h 0m 0s)

